INFO:root:Device in use: cpu
INFO:root:train all examples 819
INFO:root:train labelled examples 34
INFO:root:test examples 3000
INFO:root:Number of scenarios : 1
INFO:root:Number of experiments : 1
INFO:root:##############################################
INFO:root:################ Scenario 0 ##################
INFO:root:##############################################
INFO:root:## Experiment 0 ##
INFO:root:########## TRAIN ##########
INFO:root:### Try 0 ###
INFO:mcvae.models.regular_modules:No batch normalization
INFO:root:Using MF encoder with convolutions
INFO:root:Using MF encoder
INFO:mcvae.models.regular_modules:No batch normalization
INFO:mcvae.models.regular_modules:No batch normalization
INFO:mcvae.models.regular_modules:No batch normalization
INFO:mcvae.inference.trento_trainer:Using 30 and 30 samples for theta wake / phi wake
INFO:mcvae.inference.trento_trainer:Multiobjective training using ELBO / ELBO
INFO:root:Model saved as: models/trento-relaxed_nparticules_30/10_0_ELBO_ELBO_None_30_30_True_10_128_vanilla_100_None_None_0.001_False_False_VAE_.pt
INFO:root:########## EVALUATION ##########
INFO:root: ### Evalulation encoder 0 ###
INFO:root:ENCODER TYPE : train
INFO:root:Using train variational distribution for evaluation ...
INFO:root:Predictions computation ...
INFO:root:Precision, recall, auc ...
INFO:root:Heldout CUBO/IWELBO computation ...
INFO:root:Evaluation resuts IWELBO: 117372.4140625, CUBO: 234747.984375, M_ACCURACY: 0.3945885005636979, MEAN_RECALL: [0.         0.         0.         0.         0.         0.
 0.         0.         0.         0.02359882 0.05899705 0.09734513
 0.13569322 0.16224189 0.20648968 0.2359882  0.28908555 0.39823009
 0.60471976 1.        ]
INFO:root: ### Evalulation encoder 1 ###
INFO:root:ENCODER TYPE : ELBO
INFO:root:Training eval variational distribution for evaluation with ELBO ...
INFO:root: #### Try 0 ####
INFO:root:Using map {'REVKL': 'gaussian', 'CUBO': 'student', 'ELBO': 'gaussian', 'IWELBO': 'gaussian', 'IWELBOC': 'gaussian', 'default': 'gaussian'} ...
INFO:mcvae.models.regular_modules:No batch normalization
INFO:root:Using MF encoder with convolutions
INFO:root:Using MF encoder
INFO:mcvae.models.regular_modules:No batch normalization
INFO:root:training ELBO
INFO:mcvae.inference.trento_trainer:Using 30 samples for eval encoder training
INFO:root:UPDATING ENCODERS ... ONLY MAKES SENSE WHEN USING EVAL ENCODER!
INFO:mcvae.inference.trento_trainer:Training using ELBO
INFO:root:Predictions computation ...
INFO:root:Precision, recall, auc ...
INFO:root:Heldout CUBO/IWELBO computation ...
INFO:root:Evaluation resuts IWELBO: 47937.6015625, CUBO: 95877.8515625, M_ACCURACY: 0.3900789177001127, MEAN_RECALL: [0. 0. 0. 0. 0. 0. 0. 0. 0. 0. 1. 1. 1. 1. 1. 1. 1. 1. 1. 1.]
INFO:root:Device in use: cpu
INFO:root:train all examples 819
INFO:root:train labelled examples 34
INFO:root:test examples 3000
INFO:root:Number of scenarios : 1
INFO:root:Number of experiments : 1
INFO:root:##############################################
INFO:root:################ Scenario 0 ##################
INFO:root:##############################################
INFO:root:## Experiment 0 ##
INFO:root:########## TRAIN ##########
INFO:root:### Try 0 ###
INFO:mcvae.models.regular_modules:No batch normalization
INFO:root:Using MF encoder with convolutions
INFO:root:Using MF encoder
INFO:mcvae.models.regular_modules:No batch normalization
INFO:mcvae.models.regular_modules:No batch normalization
INFO:mcvae.models.regular_modules:No batch normalization
INFO:mcvae.inference.trento_trainer:Using 30 and 30 samples for theta wake / phi wake
INFO:mcvae.inference.trento_trainer:Multiobjective training using ELBO / ELBO
INFO:root:Model saved as: models/trento-relaxed_nparticules_30/10_0_ELBO_ELBO_None_30_30_True_10_128_vanilla_100_None_None_1e-05_False_False_VAE_.pt
INFO:root:########## EVALUATION ##########
INFO:root: ### Evalulation encoder 0 ###
INFO:root:ENCODER TYPE : train
INFO:root:Using train variational distribution for evaluation ...
INFO:root:Predictions computation ...
INFO:root:Precision, recall, auc ...
INFO:root:Heldout CUBO/IWELBO computation ...
INFO:root:Evaluation resuts IWELBO: 90590.8828125, CUBO: 181184.984375, M_ACCURACY: 0.21765371557902677, MEAN_RECALL: [0.         0.         0.         0.         0.00286533 0.06303725
 0.22922636 0.40114613 0.63037249 0.77363897 0.86532951 0.90830946
 0.94269341 0.96561605 0.97994269 0.98280802 0.99426934 1.
 1.         1.        ]
INFO:root: ### Evalulation encoder 1 ###
INFO:root:ENCODER TYPE : ELBO
INFO:root:Training eval variational distribution for evaluation with ELBO ...
INFO:root: #### Try 0 ####
INFO:root:Using map {'REVKL': 'gaussian', 'CUBO': 'student', 'ELBO': 'gaussian', 'IWELBO': 'gaussian', 'IWELBOC': 'gaussian', 'default': 'gaussian'} ...
INFO:mcvae.models.regular_modules:No batch normalization
INFO:root:Using MF encoder with convolutions
INFO:root:Using MF encoder
INFO:mcvae.models.regular_modules:No batch normalization
INFO:root:training ELBO
INFO:mcvae.inference.trento_trainer:Using 30 samples for eval encoder training
INFO:root:UPDATING ENCODERS ... ONLY MAKES SENSE WHEN USING EVAL ENCODER!
INFO:mcvae.inference.trento_trainer:Training using ELBO
INFO:root:Predictions computation ...
INFO:root:Precision, recall, auc ...
INFO:root:Heldout CUBO/IWELBO computation ...
INFO:root:Evaluation resuts IWELBO: 45081.8984375, CUBO: 90167.0234375, M_ACCURACY: 0.37155790267823463, MEAN_RECALL: [0.         0.         0.         0.         0.         0.
 0.00573066 0.04011461 0.14899713 0.33237822 0.54154728 0.67908309
 0.8252149  0.9025788  0.95702006 0.99426934 0.99713467 0.99713467
 0.99713467 1.        ]
